<?xml version="1.0" encoding="UTF-8"?>
<!-- Generated by org.testng.reporters.JUnitXMLReporter -->
<testsuite ignored="0" hostname="DESKTOP-UQ2NRU8" failures="0" tests="1" name="Testrunner2" time="0.467" errors="0" timestamp="2022-10-06T16:10:41 IST">
  <testcase classname="com.crm.Generic_Utilities.Baseclass" name="@BeforeClass BC" time="-1.665052840814E9">
    <failure type="org.testng.TestNGException" message="
Parameter &amp;apos;BROWSER&amp;apos; is required by BeforeClass on method BC but has not been marked @Optional or defined
in C:\Users\user\eclipse-workspace\SeleniumFramework\distributiontestng.xml">
      <![CDATA[org.testng.TestNGException: 
Parameter 'BROWSER' is required by BeforeClass on method BC but has not been marked @Optional or defined
in C:\Users\user\eclipse-workspace\SeleniumFramework\distributiontestng.xml
at java.base/java.util.ArrayList.forEach(ArrayList.java:1511)
at java.base/java.util.concurrent.FutureTask.run(FutureTask.java:264)
at java.base/java.util.concurrent.ThreadPoolExecutor.runWorker(ThreadPoolExecutor.java:1130)
at java.base/java.util.concurrent.ThreadPoolExecutor$Worker.run(ThreadPoolExecutor.java:630)
at java.base/java.lang.Thread.run(Thread.java:831)
... Removed 12 stack frames]]>
    </failure>
  </testcase> <!-- @BeforeClass BC -->
  <testcase classname="com.crm.Generic_Utilities.Baseclass" name="@BeforeMethod BM" time="0.0">
    <skipped/>
  </testcase> <!-- @BeforeMethod BM -->
  <testcase classname="com.crm.Generic_Utilities.Baseclass" name="@AfterMethod AM" time="0.0">
    <skipped/>
  </testcase> <!-- @AfterMethod AM -->
  <testcase classname="com.crm.Generic_Utilities.Baseclass" name="@AfterClass AC" time="0.0">
    <skipped/>
  </testcase> <!-- @AfterClass AC -->
  <testcase classname="com.crm.Product.CreateProductTest" name="createPoductTest" time="0.0">
    <skipped/>
  </testcase> <!-- createPoductTest -->
</testsuite> <!-- Testrunner2 -->
